Arguments: 
  /opt/homebrew/Cellar/node@16/16.16.0/bin/node /opt/homebrew/Cellar/yarn/1.22.19/libexec/bin/yarn.js add applo-server graphql

PATH: 
  /opt/homebrew/opt/node@16/bin:/opt/homebrew/bin:/opt/homebrew/sbin:/usr/local/bin:/System/Cryptexes/App/usr/bin:/usr/bin:/bin:/usr/sbin:/sbin:/Library/Apple/usr/bin:/opt/homebrew/opt/node@16/bin:/opt/homebrew/bin:/opt/homebrew/sbin:/Users/fredericolopes/Android/Sdk/emulator:/Users/fredericolopes/Android/Sdk/tools:/Users/fredericolopes/Android/Sdk/tools/bin:/Users/fredericolopes/Android/Sdk/platform-tools:/Users/fredericolopes/Android/Sdk/emulator:/Users/fredericolopes/Android/Sdk/tools:/Users/fredericolopes/Android/Sdk/tools/bin:/Users/fredericolopes/Android/Sdk/platform-tools:/opt/homebrew/bin

Yarn version: 
  1.22.19

Node version: 
  16.16.0

Platform: 
  darwin arm64

Trace: 
  Error: https://registry.yarnpkg.com/applo-server: Not found
      at Request.params.callback [as _callback] (/opt/homebrew/Cellar/yarn/1.22.19/libexec/lib/cli.js:66145:18)
      at Request.self.callback (/opt/homebrew/Cellar/yarn/1.22.19/libexec/lib/cli.js:140890:22)
      at Request.emit (node:events:527:28)
      at Request.<anonymous> (/opt/homebrew/Cellar/yarn/1.22.19/libexec/lib/cli.js:141862:10)
      at Request.emit (node:events:527:28)
      at IncomingMessage.<anonymous> (/opt/homebrew/Cellar/yarn/1.22.19/libexec/lib/cli.js:141784:12)
      at Object.onceWrapper (node:events:641:28)
      at IncomingMessage.emit (node:events:539:35)
      at endReadableNT (node:internal/streams/readable:1345:12)
      at processTicksAndRejections (node:internal/process/task_queues:83:21)

npm manifest: 
  No manifest

yarn manifest: 
  No manifest

Lockfile: 
  No lockfile
